This is pdfTeX, Version 3.141592653-2.6-1.40.27 (TeX Live 2025/Termux) (preloaded format=pdflatex 2026.1.21)  3 FEB 2026 22:51
entering extended mode
 restricted \write18 enabled.
 %&-line parsing enabled.
**task3.tex
(./task3.tex
LaTeX2e <2025-11-01>
L3 programming layer <2026-01-10>

(/data/data/com.termux/files/usr/share/texlive/2025/texmf-dist/tex/latex/base/a
rticle.cls
Document Class: article 2025/01/22 v1.4n Standard LaTeX document class

(/data/data/com.termux/files/usr/share/texlive/2025/texmf-dist/tex/latex/base/f
leqn.clo
File: fleqn.clo 2016/12/29 v1.2b Standard LaTeX option (flush left equations)
\mathindent=\skip49
Applying: [2015/01/01] Make \[ robust on input line 50.
LaTeX Info: Redefining \[ on input line 51.
Already applied: [0000/00/00] Make \[ robust on input line 62.
Applying: [2015/01/01] Make \] robust on input line 74.
LaTeX Info: Redefining \] on input line 75.
Already applied: [0000/00/00] Make \] robust on input line 83.
)
(/data/data/com.termux/files/usr/share/texlive/2025/texmf-dist/tex/latex/base/s
ize12.clo
File: size12.clo 2025/01/22 v1.4n Standard LaTeX file (size option)
)
\c@part=\count275
\c@section=\count276
\c@subsection=\count277
\c@subsubsection=\count278
\c@paragraph=\count279
\c@subparagraph=\count280
\c@figure=\count281
\c@table=\count282
\abovecaptionskip=\skip50
\belowcaptionskip=\skip51
\bibindent=\dimen148
)
(/data/data/com.termux/files/usr/share/texlive/2025/texmf-dist/tex/latex/amsmat
h/amsmath.sty
Package: amsmath 2025/07/09 v2.17z AMS math features
\@mathmargin=\skip52

For additional information on amsmath, use the `?' option.

(/data/data/com.termux/files/usr/share/texlive/2025/texmf-dist/tex/latex/amsmat
h/amstext.sty
Package: amstext 2024/11/17 v2.01 AMS text

(/data/data/com.termux/files/usr/share/texlive/2025/texmf-dist/tex/latex/amsmat
h/amsgen.sty
File: amsgen.sty 1999/11/30 v2.0 generic functions
\@emptytoks=\toks17
\ex@=\dimen149
))
(/data/data/com.termux/files/usr/share/texlive/2025/texmf-dist/tex/latex/amsmat
h/amsbsy.sty
Package: amsbsy 1999/11/29 v1.2d Bold Symbols
\pmbraise@=\dimen150
)
(/data/data/com.termux/files/usr/share/texlive/2025/texmf-dist/tex/latex/amsmat
h/amsopn.sty
Package: amsopn 2022/04/08 v2.04 operator names
)
\inf@bad=\count283
LaTeX Info: Redefining \frac on input line 233.
\uproot@=\count284
\leftroot@=\count285
LaTeX Info: Redefining \overline on input line 398.
LaTeX Info: Redefining \colon on input line 409.
\classnum@=\count286
\DOTSCASE@=\count287
LaTeX Info: Redefining \ldots on input line 495.
LaTeX Info: Redefining \dots on input line 498.
LaTeX Info: Redefining \cdots on input line 619.
\Mathstrutbox@=\box53
\strutbox@=\box54
LaTeX Info: Redefining \big on input line 721.
LaTeX Info: Redefining \Big on input line 722.
LaTeX Info: Redefining \bigg on input line 723.
LaTeX Info: Redefining \Bigg on input line 724.
\big@size=\dimen151
LaTeX Font Info:    Redeclaring font encoding OML on input line 742.
LaTeX Font Info:    Redeclaring font encoding OMS on input line 743.
\macc@depth=\count288
LaTeX Info: Redefining \bmod on input line 904.
LaTeX Info: Redefining \pmod on input line 909.
LaTeX Info: Redefining \smash on input line 939.
LaTeX Info: Redefining \relbar on input line 969.
LaTeX Info: Redefining \Relbar on input line 970.
\c@MaxMatrixCols=\count289
\dotsspace@=\muskip17
\c@parentequation=\count290
\dspbrk@lvl=\count291
\tag@help=\toks18
\row@=\count292
\column@=\count293
\maxfields@=\count294
\andhelp@=\toks19
\eqnshift@=\dimen152
\alignsep@=\dimen153
\tagshift@=\dimen154
\tagwidth@=\dimen155
\totwidth@=\dimen156
\lineht@=\dimen157
\@envbody=\toks20
\multlinegap=\skip53
\multlinetaggap=\skip54
\mathdisplay@stack=\toks21
LaTeX Info: Redefining \[ on input line 2950.
LaTeX Info: Redefining \] on input line 2951.
)
(/data/data/com.termux/files/usr/share/texlive/2025/texmf-dist/tex/latex/xcolor
/xcolor.sty
Package: xcolor 2024/09/29 v3.02 LaTeX color extensions (UK)

(/data/data/com.termux/files/usr/share/texlive/2025/texmf-dist/tex/latex/graphi
cs-cfg/color.cfg
File: color.cfg 2016/01/02 v1.6 sample color configuration
)
Package xcolor Info: Driver file: pdftex.def on input line 274.

(/data/data/com.termux/files/usr/share/texlive/2025/texmf-dist/tex/latex/graphi
cs-def/pdftex.def
File: pdftex.def 2025/09/29 v1.2d Graphics/color driver for pdftex
)
(/data/data/com.termux/files/usr/share/texlive/2025/texmf-dist/tex/latex/graphi
cs/mathcolor.ltx)
Package xcolor Info: Model `cmy' substituted by `cmy0' on input line 1349.
Package xcolor Info: Model `hsb' substituted by `rgb' on input line 1353.
Package xcolor Info: Model `RGB' extended on input line 1365.
Package xcolor Info: Model `HTML' substituted by `rgb' on input line 1367.
Package xcolor Info: Model `Hsb' substituted by `hsb' on input line 1368.
Package xcolor Info: Model `tHsb' substituted by `hsb' on input line 1369.
Package xcolor Info: Model `HSB' substituted by `hsb' on input line 1370.
Package xcolor Info: Model `Gray' substituted by `gray' on input line 1371.
Package xcolor Info: Model `wave' substituted by `hsb' on input line 1372.
)
(/data/data/com.termux/files/usr/share/texlive/2025/texmf-dist/tex/latex/graphi
cs/graphicx.sty
Package: graphicx 2024/12/31 v1.2e Enhanced LaTeX Graphics (DPC,SPQR)

(/data/data/com.termux/files/usr/share/texlive/2025/texmf-dist/tex/latex/graphi
cs/keyval.sty
Package: keyval 2022/05/29 v1.15 key=value parser (DPC)
\KV@toks@=\toks22
)
(/data/data/com.termux/files/usr/share/texlive/2025/texmf-dist/tex/latex/graphi
cs/graphics.sty
Package: graphics 2024/08/06 v1.4g Standard LaTeX Graphics (DPC,SPQR)

(/data/data/com.termux/files/usr/share/texlive/2025/texmf-dist/tex/latex/graphi
cs/trig.sty
Package: trig 2023/12/02 v1.11 sin cos tan (DPC)
)
(/data/data/com.termux/files/usr/share/texlive/2025/texmf-dist/tex/latex/graphi
cs-cfg/graphics.cfg
File: graphics.cfg 2016/06/04 v1.11 sample graphics configuration
)
Package graphics Info: Driver file: pdftex.def on input line 106.
)
\Gin@req@height=\dimen158
\Gin@req@width=\dimen159
)
(/data/data/com.termux/files/usr/share/texlive/2025/texmf-dist/tex/latex/hyphen
at/hyphenat.sty
Package: hyphenat 2009/09/02 v2.3c hyphenation utilities
\langwohyphens=\language90
LaTeX Info: Redefining \_ on input line 43.
)
(/data/data/com.termux/files/usr/share/texlive/2025/texmf-dist/tex/latex/enumit
em/enumitem.sty
Package: enumitem 2025/02/06 v3.11 Customized lists
\labelindent=\skip55
\enit@outerparindent=\dimen160
\enit@toks=\toks23
\enit@inbox=\box55
\enit@count@id=\count295
\enitdp@description=\count296
)
(/data/data/com.termux/files/usr/share/texlive/2025/texmf-dist/tex/latex/l3back
end/l3backend-pdftex.def
File: l3backend-pdftex.def 2025-10-09 L3 backend support: PDF output (pdfTeX)
\l__color_backend_stack_int=\count297
)
No file task3.aux.
\openout1 = `task3.aux'.

LaTeX Font Info:    Checking defaults for OML/cmm/m/it on input line 17.
LaTeX Font Info:    ... okay on input line 17.
LaTeX Font Info:    Checking defaults for OMS/cmsy/m/n on input line 17.
LaTeX Font Info:    ... okay on input line 17.
LaTeX Font Info:    Checking defaults for OT1/cmr/m/n on input line 17.
LaTeX Font Info:    ... okay on input line 17.
LaTeX Font Info:    Checking defaults for T1/cmr/m/n on input line 17.
LaTeX Font Info:    ... okay on input line 17.
LaTeX Font Info:    Checking defaults for TS1/cmr/m/n on input line 17.
LaTeX Font Info:    ... okay on input line 17.
LaTeX Font Info:    Checking defaults for OMX/cmex/m/n on input line 17.
LaTeX Font Info:    ... okay on input line 17.
LaTeX Font Info:    Checking defaults for U/cmr/m/n on input line 17.
LaTeX Font Info:    ... okay on input line 17.

(/data/data/com.termux/files/usr/share/texlive/2025/texmf-dist/tex/context/base
/mkii/supp-pdf.mkii
[Loading MPS to PDF converter (version 2006.09.02).]
\scratchcounter=\count298
\scratchdimen=\dimen161
\scratchbox=\box56
\nofMPsegments=\count299
\nofMParguments=\count300
\everyMPshowfont=\toks24
\MPscratchCnt=\count301
\MPscratchDim=\dimen162
\MPnumerator=\count302
\makeMPintoPDFobject=\count303
\everyMPtoPDFconversion=\toks25
)
(/data/data/com.termux/files/usr/share/texlive/2025/texmf-dist/tex/latex/epstop
df-pkg/epstopdf-base.sty
Package: epstopdf-base 2020-01-24 v2.11 Base part for package epstopdf
Package epstopdf-base Info: Redefining graphics rule for `.eps' on input line 4
85.

(/data/data/com.termux/files/usr/share/texlive/2025/texmf-dist/tex/latex/latexc
onfig/epstopdf-sys.cfg
File: epstopdf-sys.cfg 2010/07/13 v1.3 Configuration of (r)epstopdf for TeX Liv
e
))
<iiitb_logo.png.jpg, id=1, 920.43875pt x 450.68375pt>
File: iiitb_logo.png.jpg Graphic file (type jpg)
<use iiitb_logo.png.jpg>
Package pdftex.def Info: iiitb_logo.png.jpg  used on input line 22.
(pdftex.def)             Requested size: 113.81102pt x 55.72328pt.
 [1

{/data/data/com.termux/files/usr/share/texlive/2025/texmf-var/fonts/map/pdftex/
updmap/pdftex.map} <./iiitb_logo.png.jpg>] [2]
Overfull \vbox (76.04906pt too high) has occurred while \output is active []


[3{/data/data/com.termux/files/usr/share/texlive/2025/texmf-dist/fonts/enc/dvip
s/cm-super/cm-super-ts1.enc}]
Underfull \hbox (badness 4699) in paragraph at lines 289--289
[]\OT1/cmr/m/n/12 If   $\OML/cmm/m/it/12 A \OT1/cmr/m/n/12 = []$,   then   $\OM
L/cmm/m/it/12 adj A \OT1/cmr/m/n/12 =
 []


Overfull \vbox (104.93011pt too high) has occurred while \output is active []


[4] [5] (./task3.aux)
 ***********
LaTeX2e <2025-11-01>
L3 programming layer <2026-01-10>
 ***********
 ) 
Here is how much of TeX's memory you used:
 2907 strings out of 467532
 45795 string characters out of 5405402
 473207 words of memory out of 5000000
 31817 multiletter control sequences out of 15000+600000
 632082 words of font info for 55 fonts, out of 8000000 for 9000
 1141 hyphenation exceptions out of 8191
 57i,11n,65p,220b,334s stack positions out of 10000i,1000n,20000p,200000b,200000s
</data/data/com.termux/files/usr/share/texlive/2025/texmf-dist/fonts/type1/pu
blic/amsfonts/cm/cmbx12.pfb></data/data/com.termux/files/usr/share/texlive/2025
/texmf-dist/fonts/type1/public/amsfonts/cm/cmex10.pfb></data/data/com.termux/fi
les/usr/share/texlive/2025/texmf-dist/fonts/type1/public/amsfonts/cm/cmmi12.pfb
></data/data/com.termux/files/usr/share/texlive/2025/texmf-dist/fonts/type1/pub
lic/amsfonts/cm/cmmi8.pfb></data/data/com.termux/files/usr/share/texlive/2025/t
exmf-dist/fonts/type1/public/amsfonts/cm/cmr12.pfb></data/data/com.termux/files
/usr/share/texlive/2025/texmf-dist/fonts/type1/public/amsfonts/cm/cmr8.pfb></da
ta/data/com.termux/files/usr/share/texlive/2025/texmf-dist/fonts/type1/public/a
msfonts/cm/cmsy10.pfb></data/data/com.termux/files/usr/share/texlive/2025/texmf
-dist/fonts/type1/public/amsfonts/cm/cmsy8.pfb></data/data/com.termux/files/usr
/share/texlive/2025/texmf-dist/fonts/type1/public/cm-super/sfrm1200.pfb>
Output written on task3.pdf (5 pages, 187534 bytes).
PDF statistics:
 67 PDF objects out of 1000 (max. 8388607)
 40 compressed objects within 1 object stream
 0 named destinations out of 1000 (max. 500000)
 6 words of extra memory for PDF output out of 10000 (max. 10000000)

